<?xml version="1.0" encoding="UTF-8"?>
<testsuite xmlns:xsi="http://www.w3.org/2001/XMLSchema-instance" xsi:noNamespaceSchemaLocation="https://maven.apache.org/surefire/maven-surefire-plugin/xsd/surefire-test-report-3.0.xsd" version="3.0" name="com.core.workflow.engine.StateMachineEngineTest" time="12.853" tests="9" errors="0" skipped="0" failures="0">
  <properties>
[...]
</properties>
  <testcase name="testStepRetryEventuallySucceeds" classname="com.core.workflow.engine.StateMachineEngineTest" time="0.537">
    <system-out><![CDATA[19:08:05.942 [main] INFO org.springframework.test.context.support.AnnotationConfigContextLoaderUtils -- Could not detect default configuration classes for test class [com.core.workflow.engine.StateMachineEngineTest]: StateMachineEngineTest does not declare any static, non-private, non-final, nested classes annotated with @Configuration.
19:08:06.227 [main] INFO org.springframework.boot.test.context.SpringBootTestContextBootstrapper -- Found @SpringBootConfiguration com.core.workflow.TestApplication for test class com.core.workflow.engine.StateMachineEngineTest
  .   ____          _            __ _ _
 /\\ / ___'_ __ _ _(_)_ __  __ _ \ \ \ \
( ( )\___ | '_ | '_| | '_ \/ _` | \ \ \ \
 \\/  ___)| |_)| | | | | || (_| |  ) ) ) )
  '  |____| .__|_| |_|_| |_\__, | / / / /
 =========|_|==============|___/=/_/_/_/

 :: Spring Boot ::                (v3.3.0)

2026-06-08T19:08:07.374+05:30  INFO 12956 --- [           main] c.c.w.engine.StateMachineEngineTest      : Starting StateMachineEngineTest using Java 21.0.11 with PID 12956 (started by himan in D:\Projects\SchoolManagementWorkspace\API_V4\core-libraries\workflow-engine)
2026-06-08T19:08:07.378+05:30  INFO 12956 --- [           main] c.c.w.engine.StateMachineEngineTest      : No active profile set, falling back to 1 default profile: "default"
2026-06-08T19:08:09.010+05:30  INFO 12956 --- [           main] .s.d.r.c.RepositoryConfigurationDelegate : Bootstrapping Spring Data MongoDB repositories in DEFAULT mode.
2026-06-08T19:08:09.057+05:30  INFO 12956 --- [           main] .s.d.r.c.RepositoryConfigurationDelegate : Finished Spring Data repository scanning in 37 ms. Found 0 MongoDB repository interfaces.
2026-06-08T19:08:16.758+05:30  WARN 12956 --- [           main] c.core.common.security.JwtTokenParser    : [JwtTokenParser] No verification key configured. Unsigned parsing fallback active (testing mode).
2026-06-08T19:08:17.423+05:30  INFO 12956 --- [           main] c.c.w.engine.StateMachineEngineTest      : Started StateMachineEngineTest in 10.855 seconds (process running for 13.586)
2026-06-08T19:08:17.812+05:30  INFO 12956 --- [           main] c.c.workflow.engine.StateMachineEngine   : [Workflow-Engine] Execution a8339eac-c3f8-4cd4-823b-142a86e08f69: Step [try-failing-step] failed on attempt 1/3. Retrying in 50ms...
2026-06-08T19:08:17.877+05:30  INFO 12956 --- [           main] c.c.workflow.engine.StateMachineEngine   : [Workflow-Engine] Execution a8339eac-c3f8-4cd4-823b-142a86e08f69: Step [try-failing-step] failed on attempt 2/3. Retrying in 50ms...
]]></system-out>
    <system-err><![CDATA[WARNING: A Java agent has been loaded dynamically (C:\Users\himan\.m2\repository\net\bytebuddy\byte-buddy-agent\1.14.16\byte-buddy-agent-1.14.16.jar)
WARNING: If a serviceability tool is in use, please run with -XX:+EnableDynamicAgentLoading to hide this warning
WARNING: If a serviceability tool is not in use, please run with -Djdk.instrument.traceUsage for more information
WARNING: Dynamic loading of agents will be disallowed by default in a future release
]]></system-err>
  </testcase>
  <testcase name="testWorkflowValidationCycleDetection" classname="com.core.workflow.engine.StateMachineEngineTest" time="0.013"/>
  <testcase name="testWorkflowSecurityFailure" classname="com.core.workflow.engine.StateMachineEngineTest" time="0.027"/>
  <testcase name="testConditionalWorkflowBranchTrue" classname="com.core.workflow.engine.StateMachineEngineTest" time="0.087"/>
  <testcase name="testConditionalWorkflowBranchFalse" classname="com.core.workflow.engine.StateMachineEngineTest" time="0.013"/>
  <testcase name="testStepRetryFailsWhenExhausted" classname="com.core.workflow.engine.StateMachineEngineTest" time="0.139">
    <system-out><![CDATA[2026-06-08T19:08:18.154+05:30  INFO 12956 --- [           main] c.c.workflow.engine.StateMachineEngine   : [Workflow-Engine] Execution c2cf5fb5-d05a-4643-bf74-d068fd01a0cb: Step [try-failing-step] failed on attempt 1/3. Retrying in 50ms...
2026-06-08T19:08:18.208+05:30  INFO 12956 --- [           main] c.c.workflow.engine.StateMachineEngine   : [Workflow-Engine] Execution c2cf5fb5-d05a-4643-bf74-d068fd01a0cb: Step [try-failing-step] failed on attempt 2/3. Retrying in 50ms...
]]></system-out>
  </testcase>
  <testcase name="testLinearWorkflowSuccess" classname="com.core.workflow.engine.StateMachineEngineTest" time="0.014"/>
  <testcase name="testVirtualThreadConcurrencyScaling" classname="com.core.workflow.engine.StateMachineEngineTest" time="0.195"/>
  <testcase name="testRuntimeNextStepOverride" classname="com.core.workflow.engine.StateMachineEngineTest" time="0.008"/>
</testsuite>