<?xml version="1.0" encoding="UTF-8"?>
<testsuite xmlns:xsi="http://www.w3.org/2001/XMLSchema-instance" xsi:noNamespaceSchemaLocation="https://maven.apache.org/surefire/maven-surefire-plugin/xsd/surefire-test-report-3.0.xsd" version="3.0" name="com.core.workflow.controller.WorkflowRestIntegrationTest" time="3.443" tests="5" errors="0" skipped="0" failures="0">
  <properties>
[...]
</properties>
  <testcase name="testKafkaTrigger" classname="com.core.workflow.controller.WorkflowRestIntegrationTest" time="0.339">
    <system-out><![CDATA[2026-06-08T19:08:53.575+05:30  INFO 16640 --- [           main] t.c.s.AnnotationConfigContextLoaderUtils : Could not detect default configuration classes for test class [com.core.workflow.controller.WorkflowRestIntegrationTest]: WorkflowRestIntegrationTest does not declare any static, non-private, non-final, nested classes annotated with @Configuration.
2026-06-08T19:08:53.605+05:30  INFO 16640 --- [           main] .b.t.c.SpringBootTestContextBootstrapper : Found @SpringBootConfiguration com.core.workflow.TestApplication for test class com.core.workflow.controller.WorkflowRestIntegrationTest
  .   ____          _            __ _ _
 /\\ / ___'_ __ _ _(_)_ __  __ _ \ \ \ \
( ( )\___ | '_ | '_| | '_ \/ _` | \ \ \ \
 \\/  ___)| |_)| | | | | || (_| |  ) ) ) )
  '  |____| .__|_| |_|_| |_\__, | / / / /
 =========|_|==============|___/=/_/_/_/

 :: Spring Boot ::                (v3.3.0)

2026-06-08T19:08:53.690+05:30  INFO 16640 --- [           main] c.c.w.c.WorkflowRestIntegrationTest      : Starting WorkflowRestIntegrationTest using Java 21.0.11 with PID 16640 (started by himan in D:\Projects\SchoolManagementWorkspace\API_V4\core-libraries\workflow-rest)
2026-06-08T19:08:53.691+05:30  INFO 16640 --- [           main] c.c.w.c.WorkflowRestIntegrationTest      : No active profile set, falling back to 1 default profile: "default"
2026-06-08T19:08:53.793+05:30  INFO 16640 --- [o-auto-1-exec-5] c.c.c.a.ControllerErrorHandlerAspect     : [Controller-Audit] Exiting method: TestDownstreamController.getDelay(..) successfully. Duration: 12006ms
2026-06-08T19:08:54.277+05:30  INFO 16640 --- [           main] .s.d.r.c.RepositoryConfigurationDelegate : Bootstrapping Spring Data MongoDB repositories in DEFAULT mode.
2026-06-08T19:08:54.293+05:30  INFO 16640 --- [           main] .s.d.r.c.RepositoryConfigurationDelegate : Finished Spring Data repository scanning in 14 ms. Found 0 MongoDB repository interfaces.
2026-06-08T19:08:55.460+05:30  INFO 16640 --- [           main] efaultSchemaResourceGraphQlSourceBuilder : Loaded 1 resource(s) in the GraphQL schema.
2026-06-08T19:08:55.494+05:30  INFO 16640 --- [           main] o.s.b.a.g.GraphQlAutoConfiguration       : GraphQL schema inspection:
	Unmapped fields: {}
	Unmapped registrations: {}
	Unmapped arguments: {}
	Skipped types: []
2026-06-08T19:08:55.518+05:30  INFO 16640 --- [           main] s.b.a.g.s.GraphQlWebMvcAutoConfiguration : GraphQL endpoint HTTP POST /graphql
2026-06-08T19:08:55.613+05:30  WARN 16640 --- [           main] c.core.common.security.JwtTokenParser    : [JwtTokenParser] No verification key configured. Unsigned parsing fallback active (testing mode).
2026-06-08T19:08:55.841+05:30  INFO 16640 --- [           main] o.s.b.t.m.w.SpringBootMockServletContext : Initializing Spring TestDispatcherServlet ''
2026-06-08T19:08:55.841+05:30  INFO 16640 --- [           main] o.s.t.web.servlet.TestDispatcherServlet  : Initializing Servlet ''
2026-06-08T19:08:55.844+05:30  INFO 16640 --- [           main] o.s.t.web.servlet.TestDispatcherServlet  : Completed initialization in 2 ms
2026-06-08T19:08:55.885+05:30  INFO 16640 --- [           main] c.c.w.c.WorkflowRestIntegrationTest      : Started WorkflowRestIntegrationTest in 2.27 seconds (process running for 33.272)
2026-06-08T19:08:55.995+05:30  INFO 16640 --- [           main] c.c.w.kafka.WorkflowKafkaConsumer        : [Kafka-Consumer] Intercepted workflow trigger request: {
  "workflowId": "test-rest-workflow",
  "variables": {
    "number": 100
  }
}

2026-06-08T19:08:55.997+05:30  INFO 16640 --- [           main] c.c.w.kafka.WorkflowKafkaConsumer        : [Kafka-Consumer] Dispatching workflow [test-rest-workflow] execution asynchronously...
2026-06-08T19:08:56.036+05:30  INFO 16640 --- [     virtual-66] c.c.w.kafka.WorkflowKafkaConsumer        : [Kafka-Consumer] Async execution finished. ID: 1145b1eb-fc59-47cb-b416-af1a3998ef98
]]></system-out>
  </testcase>
  <testcase name="testRegisterAndRunRestController" classname="com.core.workflow.controller.WorkflowRestIntegrationTest" time="0.194">
    <system-out><![CDATA[2026-06-08T19:08:56.299+05:30  INFO 16640 --- [           main] c.c.c.a.ControllerErrorHandlerAspect     : [Controller-Audit] Entering method: WorkflowRestController.registerWorkflow(..) with args: [{
  "id": "test-rest-workflow",
  "startStep": "step-one",
  "steps": [
    {
      "id": "step-one",
      "resource": "addNumberExecutor"
    }
  ]
}
]
2026-06-08T19:08:56.300+05:30  INFO 16640 --- [           main] c.c.w.controller.WorkflowRestController  : [REST-API] Registering new workflow definition...
2026-06-08T19:08:56.301+05:30  INFO 16640 --- [           main] c.c.c.a.ControllerErrorHandlerAspect     : [Controller-Audit] Exiting method: WorkflowRestController.registerWorkflow(..) successfully. Duration: 1ms
2026-06-08T19:08:56.419+05:30  INFO 16640 --- [           main] c.c.c.a.ControllerErrorHandlerAspect     : [Controller-Audit] Entering method: WorkflowRestController.runWorkflow(..) with args: [test-rest-workflow, {number=10}]
2026-06-08T19:08:56.420+05:30  INFO 16640 --- [           main] c.c.w.controller.WorkflowRestController  : [REST-API] Request to run workflow [test-rest-workflow]
2026-06-08T19:08:56.423+05:30  INFO 16640 --- [           main] c.c.c.a.ControllerErrorHandlerAspect     : [Controller-Audit] Exiting method: WorkflowRestController.runWorkflow(..) successfully. Duration: 3ms
]]></system-out>
  </testcase>
  <testcase name="testGraphQLQueryAndMutation" classname="com.core.workflow.controller.WorkflowRestIntegrationTest" time="0.499">
    <system-out><![CDATA[2026-06-08T19:08:56.803+05:30  INFO 16640 --- [           main] c.c.c.a.ControllerErrorHandlerAspect     : [Controller-Audit] Entering method: WorkflowGraphQLController.executeWorkflow(..) with args: [test-rest-workflow, [VariableInput[key=number, value=30]]]
2026-06-08T19:08:56.803+05:30  INFO 16640 --- [           main] c.c.w.c.WorkflowGraphQLController        : [GraphQL] Resolving mutation executeWorkflow for workflow: test-rest-workflow
2026-06-08T19:08:56.808+05:30  INFO 16640 --- [           main] c.c.c.a.ControllerErrorHandlerAspect     : [Controller-Audit] Exiting method: WorkflowGraphQLController.executeWorkflow(..) successfully. Duration: 5ms
2026-06-08T19:08:56.902+05:30  INFO 16640 --- [           main] c.c.c.a.ControllerErrorHandlerAspect     : [Controller-Audit] Entering method: WorkflowGraphQLController.getExecutionState(..) with args: [79b571ab-f0a3-4ef1-a6c4-2aca9f851685]
2026-06-08T19:08:56.902+05:30  INFO 16640 --- [           main] c.c.w.c.WorkflowGraphQLController        : [GraphQL] Resolving query getExecutionState for execution: 79b571ab-f0a3-4ef1-a6c4-2aca9f851685
2026-06-08T19:08:56.903+05:30  INFO 16640 --- [           main] c.c.c.a.ControllerErrorHandlerAspect     : [Controller-Audit] Exiting method: WorkflowGraphQLController.getExecutionState(..) successfully. Duration: 1ms
2026-06-08T19:08:56.926+05:30  INFO 16640 --- [           main] c.c.c.a.ControllerErrorHandlerAspect     : [Controller-Audit] Entering method: WorkflowGraphQLController.getWorkflowStateVariables(..) with args: [WorkflowState[executionId=79b571ab-f0a3-4ef1-a6c4-2aca9f851685, machineId=test-rest-workflow, currentStepId=step-one, variables={hello=world}, completed=true, failed=false, errorMessage=null]]
2026-06-08T19:08:56.927+05:30  INFO 16640 --- [           main] c.c.c.a.ControllerErrorHandlerAspect     : [Controller-Audit] Exiting method: WorkflowGraphQLController.getWorkflowStateVariables(..) successfully. Duration: 1ms
]]></system-out>
  </testcase>
  <testcase name="testAopSecurityAspectRejection" classname="com.core.workflow.controller.WorkflowRestIntegrationTest" time="0.03">
    <system-out><![CDATA[2026-06-08T19:08:56.957+05:30 ERROR 16640 --- [           main] c.c.c.handler.GlobalExceptionHandler     : [Global-Exception-Handler] Intercepted CoreException: Security check failed (Code: SECURITY_UNAUTHORIZED)

com.core.workflow.model.WorkflowSecurityException: Security check failed
	at com.core.workflow.security.WorkflowSecurityService.checkPermission(WorkflowSecurityService.java:30) ~[workflow-engine-1.0.0-SNAPSHOT.jar:na]
	at java.base/jdk.internal.reflect.DirectMethodHandleAccessor.invoke(DirectMethodHandleAccessor.java:103) ~[na:na]
	at java.base/java.lang.reflect.Method.invoke(Method.java:580) ~[na:na]
	at com.core.common.aspect.WorkflowSecurityAspect.authorize(WorkflowSecurityAspect.java:123) ~[core-common-1.0.0-SNAPSHOT.jar:na]
	at java.base/jdk.internal.reflect.DirectMethodHandleAccessor.invoke(DirectMethodHandleAccessor.java:103) ~[na:na]
	at java.base/java.lang.reflect.Method.invoke(Method.java:580) ~[na:na]
	at org.springframework.aop.aspectj.AbstractAspectJAdvice.invokeAdviceMethodWithGivenArgs(AbstractAspectJAdvice.java:637) ~[spring-aop-6.1.8.jar:6.1.8]
	at org.springframework.aop.aspectj.AbstractAspectJAdvice.invokeAdviceMethod(AbstractAspectJAdvice.java:620) ~[spring-aop-6.1.8.jar:6.1.8]
	at org.springframework.aop.aspectj.AspectJMethodBeforeAdvice.before(AspectJMethodBeforeAdvice.java:44) ~[spring-aop-6.1.8.jar:6.1.8]
	at org.springframework.aop.framework.adapter.MethodBeforeAdviceInterceptor.invoke(MethodBeforeAdviceInterceptor.java:57) ~[spring-aop-6.1.8.jar:6.1.8]
	at org.springframework.aop.framework.ReflectiveMethodInvocation.proceed(ReflectiveMethodInvocation.java:173) ~[spring-aop-6.1.8.jar:6.1.8]
	at org.springframework.aop.framework.CglibAopProxy$CglibMethodInvocation.proceed(CglibAopProxy.java:768) ~[spring-aop-6.1.8.jar:6.1.8]
	at org.springframework.aop.interceptor.ExposeInvocationInterceptor.invoke(ExposeInvocationInterceptor.java:97) ~[spring-aop-6.1.8.jar:6.1.8]
	at org.springframework.aop.framework.ReflectiveMethodInvocation.proceed(ReflectiveMethodInvocation.java:184) ~[spring-aop-6.1.8.jar:6.1.8]
	at org.springframework.aop.framework.CglibAopProxy$CglibMethodInvocation.proceed(CglibAopProxy.java:768) ~[spring-aop-6.1.8.jar:6.1.8]
	at org.springframework.aop.framework.CglibAopProxy$DynamicAdvisedInterceptor.intercept(CglibAopProxy.java:720) ~[spring-aop-6.1.8.jar:6.1.8]
	at com.core.workflow.controller.WorkflowRestController$$SpringCGLIB$$0.registerWorkflow(<generated>) ~[classes/:na]
	at java.base/jdk.internal.reflect.DirectMethodHandleAccessor.invoke(DirectMethodHandleAccessor.java:103) ~[na:na]
	at java.base/java.lang.reflect.Method.invoke(Method.java:580) ~[na:na]
	at org.springframework.web.method.support.InvocableHandlerMethod.doInvoke(InvocableHandlerMethod.java:255) ~[spring-web-6.1.8.jar:6.1.8]
	at org.springframework.web.method.support.InvocableHandlerMethod.invokeForRequest(InvocableHandlerMethod.java:188) ~[spring-web-6.1.8.jar:6.1.8]
	at org.springframework.web.servlet.mvc.method.annotation.ServletInvocableHandlerMethod.invokeAndHandle(ServletInvocableHandlerMethod.java:118) ~[spring-webmvc-6.1.8.jar:6.1.8]
	at org.springframework.web.servlet.mvc.method.annotation.RequestMappingHandlerAdapter.invokeHandlerMethod(RequestMappingHandlerAdapter.java:926) ~[spring-webmvc-6.1.8.jar:6.1.8]
	at org.springframework.web.servlet.mvc.method.annotation.RequestMappingHandlerAdapter.handleInternal(RequestMappingHandlerAdapter.java:831) ~[spring-webmvc-6.1.8.jar:6.1.8]
	at org.springframework.web.servlet.mvc.method.AbstractHandlerMethodAdapter.handle(AbstractHandlerMethodAdapter.java:87) ~[spring-webmvc-6.1.8.jar:6.1.8]
	at org.springframework.web.servlet.DispatcherServlet.doDispatch(DispatcherServlet.java:1089) ~[spring-webmvc-6.1.8.jar:6.1.8]
	at org.springframework.web.servlet.DispatcherServlet.doService(DispatcherServlet.java:979) ~[spring-webmvc-6.1.8.jar:6.1.8]
	at org.springframework.web.servlet.FrameworkServlet.processRequest(FrameworkServlet.java:1014) ~[spring-webmvc-6.1.8.jar:6.1.8]
	at org.springframework.web.servlet.FrameworkServlet.doPost(FrameworkServlet.java:914) ~[spring-webmvc-6.1.8.jar:6.1.8]
	at jakarta.servlet.http.HttpServlet.service(HttpServlet.java:590) ~[tomcat-embed-core-10.1.24.jar:6.0]
	at org.springframework.web.servlet.FrameworkServlet.service(FrameworkServlet.java:885) ~[spring-webmvc-6.1.8.jar:6.1.8]
	at org.springframework.test.web.servlet.TestDispatcherServlet.service(TestDispatcherServlet.java:72) ~[spring-test-6.1.8.jar:6.1.8]
	at jakarta.servlet.http.HttpServlet.service(HttpServlet.java:658) ~[tomcat-embed-core-10.1.24.jar:6.0]
	at org.springframework.mock.web.MockFilterChain$ServletFilterProxy.doFilter(MockFilterChain.java:165) ~[spring-test-6.1.8.jar:6.1.8]
	at org.springframework.mock.web.MockFilterChain.doFilter(MockFilterChain.java:132) ~[spring-test-6.1.8.jar:6.1.8]
	at org.springframework.web.filter.RequestContextFilter.doFilterInternal(RequestContextFilter.java:100) ~[spring-web-6.1.8.jar:6.1.8]
	at org.springframework.web.filter.OncePerRequestFilter.doFilter(OncePerRequestFilter.java:116) ~[spring-web-6.1.8.jar:6.1.8]
	at org.springframework.test.web.servlet.setup.MockMvcFilterDecorator.doFilter(MockMvcFilterDecorator.java:151) ~[spring-test-6.1.8.jar:6.1.8]
	at org.springframework.mock.web.MockFilterChain.doFilter(MockFilterChain.java:132) ~[spring-test-6.1.8.jar:6.1.8]
	at org.springframework.web.filter.FormContentFilter.doFilterInternal(FormContentFilter.java:93) ~[spring-web-6.1.8.jar:6.1.8]
	at org.springframework.web.filter.OncePerRequestFilter.doFilter(OncePerRequestFilter.java:116) ~[spring-web-6.1.8.jar:6.1.8]
	at org.springframework.test.web.servlet.setup.MockMvcFilterDecorator.doFilter(MockMvcFilterDecorator.java:151) ~[spring-test-6.1.8.jar:6.1.8]
	at org.springframework.mock.web.MockFilterChain.doFilter(MockFilterChain.java:132) ~[spring-test-6.1.8.jar:6.1.8]
	at org.springframework.web.filter.CharacterEncodingFilter.doFilterInternal(CharacterEncodingFilter.java:201) ~[spring-web-6.1.8.jar:6.1.8]
	at org.springframework.web.filter.OncePerRequestFilter.doFilter(OncePerRequestFilter.java:116) ~[spring-web-6.1.8.jar:6.1.8]
	at org.springframework.test.web.servlet.setup.MockMvcFilterDecorator.doFilter(MockMvcFilterDecorator.java:151) ~[spring-test-6.1.8.jar:6.1.8]
	at org.springframework.mock.web.MockFilterChain.doFilter(MockFilterChain.java:132) ~[spring-test-6.1.8.jar:6.1.8]
	at org.springframework.test.web.servlet.MockMvc.perform(MockMvc.java:201) ~[spring-test-6.1.8.jar:6.1.8]
	at com.core.workflow.controller.WorkflowRestIntegrationTest.testAopSecurityAspectRejection(WorkflowRestIntegrationTest.java:254) ~[test-classes/:na]
	at java.base/jdk.internal.reflect.DirectMethodHandleAccessor.invoke(DirectMethodHandleAccessor.java:103) ~[na:na]
	at java.base/java.lang.reflect.Method.invoke(Method.java:580) ~[na:na]
	at org.junit.platform.commons.util.ReflectionUtils.invokeMethod(ReflectionUtils.java:728) ~[junit-platform-commons-1.10.2.jar:1.10.2]
	at org.junit.jupiter.engine.execution.MethodInvocation.proceed(MethodInvocation.java:60) ~[junit-jupiter-engine-5.10.2.jar:5.10.2]
	at org.junit.jupiter.engine.execution.InvocationInterceptorChain$ValidatingInvocation.proceed(InvocationInterceptorChain.java:131) ~[junit-jupiter-engine-5.10.2.jar:5.10.2]
	at org.junit.jupiter.engine.extension.TimeoutExtension.intercept(TimeoutExtension.java:156) ~[junit-jupiter-engine-5.10.2.jar:5.10.2]
	at org.junit.jupiter.engine.extension.TimeoutExtension.interceptTestableMethod(TimeoutExtension.java:147) ~[junit-jupiter-engine-5.10.2.jar:5.10.2]
	at org.junit.jupiter.engine.extension.TimeoutExtension.interceptTestMethod(TimeoutExtension.java:86) ~[junit-jupiter-engine-5.10.2.jar:5.10.2]
	at org.junit.jupiter.engine.execution.InterceptingExecutableInvoker$ReflectiveInterceptorCall.lambda$ofVoidMethod$0(InterceptingExecutableInvoker.java:103) ~[junit-jupiter-engine-5.10.2.jar:5.10.2]
	at org.junit.jupiter.engine.execution.InterceptingExecutableInvoker.lambda$invoke$0(InterceptingExecutableInvoker.java:93) ~[junit-jupiter-engine-5.10.2.jar:5.10.2]
	at org.junit.jupiter.engine.execution.InvocationInterceptorChain$InterceptedInvocation.proceed(InvocationInterceptorChain.java:106) ~[junit-jupiter-engine-5.10.2.jar:5.10.2]
	at org.junit.jupiter.engine.execution.InvocationInterceptorChain.proceed(InvocationInterceptorChain.java:64) ~[junit-jupiter-engine-5.10.2.jar:5.10.2]
	at org.junit.jupiter.engine.execution.InvocationInterceptorChain.chainAndInvoke(InvocationInterceptorChain.java:45) ~[junit-jupiter-engine-5.10.2.jar:5.10.2]
	at org.junit.jupiter.engine.execution.InvocationInterceptorChain.invoke(InvocationInterceptorChain.java:37) ~[junit-jupiter-engine-5.10.2.jar:5.10.2]
	at org.junit.jupiter.engine.execution.InterceptingExecutableInvoker.invoke(InterceptingExecutableInvoker.java:92) ~[junit-jupiter-engine-5.10.2.jar:5.10.2]
	at org.junit.jupiter.engine.execution.InterceptingExecutableInvoker.invoke(InterceptingExecutableInvoker.java:86) ~[junit-jupiter-engine-5.10.2.jar:5.10.2]
	at org.junit.jupiter.engine.descriptor.TestMethodTestDescriptor.lambda$invokeTestMethod$7(TestMethodTestDescriptor.java:218) ~[junit-jupiter-engine-5.10.2.jar:5.10.2]
	at org.junit.platform.engine.support.hierarchical.ThrowableCollector.execute(ThrowableCollector.java:73) ~[junit-platform-engine-1.10.2.jar:1.10.2]
	at org.junit.jupiter.engine.descriptor.TestMethodTestDescriptor.invokeTestMethod(TestMethodTestDescriptor.java:214) ~[junit-jupiter-engine-5.10.2.jar:5.10.2]
	at org.junit.jupiter.engine.descriptor.TestMethodTestDescriptor.execute(TestMethodTestDescriptor.java:139) ~[junit-jupiter-engine-5.10.2.jar:5.10.2]
	at org.junit.jupiter.engine.descriptor.TestMethodTestDescriptor.execute(TestMethodTestDescriptor.java:69) ~[junit-jupiter-engine-5.10.2.jar:5.10.2]
	at org.junit.platform.engine.support.hierarchical.NodeTestTask.lambda$executeRecursively$6(NodeTestTask.java:151) ~[junit-platform-engine-1.10.2.jar:1.10.2]
	at org.junit.platform.engine.support.hierarchical.ThrowableCollector.execute(ThrowableCollector.java:73) ~[junit-platform-engine-1.10.2.jar:1.10.2]
	at org.junit.platform.engine.support.hierarchical.NodeTestTask.lambda$executeRecursively$8(NodeTestTask.java:141) ~[junit-platform-engine-1.10.2.jar:1.10.2]
	at org.junit.platform.engine.support.hierarchical.Node.around(Node.java:137) ~[junit-platform-engine-1.10.2.jar:1.10.2]
	at org.junit.platform.engine.support.hierarchical.NodeTestTask.lambda$executeRecursively$9(NodeTestTask.java:139) ~[junit-platform-engine-1.10.2.jar:1.10.2]
	at org.junit.platform.engine.support.hierarchical.ThrowableCollector.execute(ThrowableCollector.java:73) ~[junit-platform-engine-1.10.2.jar:1.10.2]
	at org.junit.platform.engine.support.hierarchical.NodeTestTask.executeRecursively(NodeTestTask.java:138) ~[junit-platform-engine-1.10.2.jar:1.10.2]
	at org.junit.platform.engine.support.hierarchical.NodeTestTask.execute(NodeTestTask.java:95) ~[junit-platform-engine-1.10.2.jar:1.10.2]
	at java.base/java.util.ArrayList.forEach(ArrayList.java:1596) ~[na:na]
	at org.junit.platform.engine.support.hierarchical.SameThreadHierarchicalTestExecutorService.invokeAll(SameThreadHierarchicalTestExecutorService.java:41) ~[junit-platform-engine-1.10.2.jar:1.10.2]
	at org.junit.platform.engine.support.hierarchical.NodeTestTask.lambda$executeRecursively$6(NodeTestTask.java:155) ~[junit-platform-engine-1.10.2.jar:1.10.2]
	at org.junit.platform.engine.support.hierarchical.ThrowableCollector.execute(ThrowableCollector.java:73) ~[junit-platform-engine-1.10.2.jar:1.10.2]
	at org.junit.platform.engine.support.hierarchical.NodeTestTask.lambda$executeRecursively$8(NodeTestTask.java:141) ~[junit-platform-engine-1.10.2.jar:1.10.2]
	at org.junit.platform.engine.support.hierarchical.Node.around(Node.java:137) ~[junit-platform-engine-1.10.2.jar:1.10.2]
	at org.junit.platform.engine.support.hierarchical.NodeTestTask.lambda$executeRecursively$9(NodeTestTask.java:139) ~[junit-platform-engine-1.10.2.jar:1.10.2]
	at org.junit.platform.engine.support.hierarchical.ThrowableCollector.execute(ThrowableCollector.java:73) ~[junit-platform-engine-1.10.2.jar:1.10.2]
	at org.junit.platform.engine.support.hierarchical.NodeTestTask.executeRecursively(NodeTestTask.java:138) ~[junit-platform-engine-1.10.2.jar:1.10.2]
	at org.junit.platform.engine.support.hierarchical.NodeTestTask.execute(NodeTestTask.java:95) ~[junit-platform-engine-1.10.2.jar:1.10.2]
	at java.base/java.util.ArrayList.forEach(ArrayList.java:1596) ~[na:na]
	at org.junit.platform.engine.support.hierarchical.SameThreadHierarchicalTestExecutorService.invokeAll(SameThreadHierarchicalTestExecutorService.java:41) ~[junit-platform-engine-1.10.2.jar:1.10.2]
	at org.junit.platform.engine.support.hierarchical.NodeTestTask.lambda$executeRecursively$6(NodeTestTask.java:155) ~[junit-platform-engine-1.10.2.jar:1.10.2]
	at org.junit.platform.engine.support.hierarchical.ThrowableCollector.execute(ThrowableCollector.java:73) ~[junit-platform-engine-1.10.2.jar:1.10.2]
	at org.junit.platform.engine.support.hierarchical.NodeTestTask.lambda$executeRecursively$8(NodeTestTask.java:141) ~[junit-platform-engine-1.10.2.jar:1.10.2]
	at org.junit.platform.engine.support.hierarchical.Node.around(Node.java:137) ~[junit-platform-engine-1.10.2.jar:1.10.2]
	at org.junit.platform.engine.support.hierarchical.NodeTestTask.lambda$executeRecursively$9(NodeTestTask.java:139) ~[junit-platform-engine-1.10.2.jar:1.10.2]
	at org.junit.platform.engine.support.hierarchical.ThrowableCollector.execute(ThrowableCollector.java:73) ~[junit-platform-engine-1.10.2.jar:1.10.2]
	at org.junit.platform.engine.support.hierarchical.NodeTestTask.executeRecursively(NodeTestTask.java:138) ~[junit-platform-engine-1.10.2.jar:1.10.2]
	at org.junit.platform.engine.support.hierarchical.NodeTestTask.execute(NodeTestTask.java:95) ~[junit-platform-engine-1.10.2.jar:1.10.2]
	at org.junit.platform.engine.support.hierarchical.SameThreadHierarchicalTestExecutorService.submit(SameThreadHierarchicalTestExecutorService.java:35) ~[junit-platform-engine-1.10.2.jar:1.10.2]
	at org.junit.platform.engine.support.hierarchical.HierarchicalTestExecutor.execute(HierarchicalTestExecutor.java:57) ~[junit-platform-engine-1.10.2.jar:1.10.2]
	at org.junit.platform.engine.support.hierarchical.HierarchicalTestEngine.execute(HierarchicalTestEngine.java:54) ~[junit-platform-engine-1.10.2.jar:1.10.2]
	at org.junit.platform.launcher.core.EngineExecutionOrchestrator.execute(EngineExecutionOrchestrator.java:198) ~[junit-platform-launcher-1.10.2.jar:1.10.2]
	at org.junit.platform.launcher.core.EngineExecutionOrchestrator.execute(EngineExecutionOrchestrator.java:169) ~[junit-platform-launcher-1.10.2.jar:1.10.2]
	at org.junit.platform.launcher.core.EngineExecutionOrchestrator.execute(EngineExecutionOrchestrator.java:93) ~[junit-platform-launcher-1.10.2.jar:1.10.2]
	at org.junit.platform.launcher.core.EngineExecutionOrchestrator.lambda$execute$0(EngineExecutionOrchestrator.java:58) ~[junit-platform-launcher-1.10.2.jar:1.10.2]
	at org.junit.platform.launcher.core.EngineExecutionOrchestrator.withInterceptedStreams(EngineExecutionOrchestrator.java:141) ~[junit-platform-launcher-1.10.2.jar:1.10.2]
	at org.junit.platform.launcher.core.EngineExecutionOrchestrator.execute(EngineExecutionOrchestrator.java:57) ~[junit-platform-launcher-1.10.2.jar:1.10.2]
	at org.junit.platform.launcher.core.DefaultLauncher.execute(DefaultLauncher.java:103) ~[junit-platform-launcher-1.10.2.jar:1.10.2]
	at org.junit.platform.launcher.core.DefaultLauncher.execute(DefaultLauncher.java:85) ~[junit-platform-launcher-1.10.2.jar:1.10.2]
	at org.junit.platform.launcher.core.DelegatingLauncher.execute(DelegatingLauncher.java:47) ~[junit-platform-launcher-1.10.2.jar:1.10.2]
	at org.apache.maven.surefire.junitplatform.LazyLauncher.execute(LazyLauncher.java:56) ~[surefire-junit-platform-3.2.5.jar:3.2.5]
	at org.apache.maven.surefire.junitplatform.JUnitPlatformProvider.execute(JUnitPlatformProvider.java:184) ~[surefire-junit-platform-3.2.5.jar:3.2.5]
	at org.apache.maven.surefire.junitplatform.JUnitPlatformProvider.invokeAllTests(JUnitPlatformProvider.java:148) ~[surefire-junit-platform-3.2.5.jar:3.2.5]
	at org.apache.maven.surefire.junitplatform.JUnitPlatformProvider.invoke(JUnitPlatformProvider.java:122) ~[surefire-junit-platform-3.2.5.jar:3.2.5]
	at org.apache.maven.surefire.booter.ForkedBooter.runSuitesInProcess(ForkedBooter.java:385) ~[surefire-booter-3.2.5.jar:3.2.5]
	at org.apache.maven.surefire.booter.ForkedBooter.execute(ForkedBooter.java:162) ~[surefire-booter-3.2.5.jar:3.2.5]
	at org.apache.maven.surefire.booter.ForkedBooter.run(ForkedBooter.java:507) ~[surefire-booter-3.2.5.jar:3.2.5]
	at org.apache.maven.surefire.booter.ForkedBooter.main(ForkedBooter.java:495) ~[surefire-booter-3.2.5.jar:3.2.5]

]]></system-out>
  </testcase>
  <testcase name="testGetAndPatchExecutionRestController" classname="com.core.workflow.controller.WorkflowRestIntegrationTest" time="0.039">
    <system-out><![CDATA[2026-06-08T19:08:56.989+05:30  INFO 16640 --- [           main] c.c.c.a.ControllerErrorHandlerAspect     : [Controller-Audit] Entering method: WorkflowRestController.getExecutionState(..) with args: [155e3c3b-6f97-40e7-8969-e01ac9815cc3]
2026-06-08T19:08:56.989+05:30  INFO 16640 --- [           main] c.c.w.controller.WorkflowRestController  : [REST-API] Fetching state for execution: 155e3c3b-6f97-40e7-8969-e01ac9815cc3
2026-06-08T19:08:56.991+05:30  INFO 16640 --- [           main] c.c.c.a.ControllerErrorHandlerAspect     : [Controller-Audit] Exiting method: WorkflowRestController.getExecutionState(..) successfully. Duration: 2ms
2026-06-08T19:08:57.003+05:30  INFO 16640 --- [           main] c.c.c.a.ControllerErrorHandlerAspect     : [Controller-Audit] Entering method: WorkflowRestController.patchExecutionVariables(..) with args: [155e3c3b-6f97-40e7-8969-e01ac9815cc3, {newVar=patched-value}]
2026-06-08T19:08:57.004+05:30  INFO 16640 --- [           main] c.c.w.controller.WorkflowRestController  : [REST-API] Request to patch variables for execution: 155e3c3b-6f97-40e7-8969-e01ac9815cc3
2026-06-08T19:08:57.004+05:30  INFO 16640 --- [           main] c.c.w.controller.WorkflowRestController  : [REST-API] Patched variables successfully for execution: 155e3c3b-6f97-40e7-8969-e01ac9815cc3
2026-06-08T19:08:57.006+05:30  INFO 16640 --- [           main] c.c.c.a.ControllerErrorHandlerAspect     : [Controller-Audit] Exiting method: WorkflowRestController.patchExecutionVariables(..) successfully. Duration: 2ms
]]></system-out>
  </testcase>
</testsuite>